<?xml version="1.0" encoding="UTF-8"?>
<!-- Generated by org.testng.reporters.JUnitReportReporter -->
<testsuite hostname="Sumits-MacBook-Pro.local" failures="0" tests="1" name="api.request.DoPostRequest" time="4.106" errors="0" timestamp="2023-07-31T10:31:13 IST" skipped="0">
  <testcase classname="api.request.DoPostRequest" name="doGetRequest" time="4.106"/>
</testsuite> <!-- api.request.DoPostRequest -->
