<?xml version="1.0" encoding="UTF-8"?>
<!-- Generated by org.testng.reporters.JUnitReportReporter -->
<testsuite hostname="Sumits-MBP" failures="0" tests="1" name="javaP.Array" time="0.023" errors="0" timestamp="2023-07-30T08:30:24 IST" skipped="0">
  <testcase classname="javaP.Array" name="main" time="0.023"/>
</testsuite> <!-- javaP.Array -->
