<?xml version="1.0" encoding="UTF-8"?>
<!-- Generated by org.testng.reporters.JUnitReportReporter -->
<testsuite hostname="Sumits-MacBook-Pro.local" failures="0" tests="1" name="api.request.DoGetRequest" time="60.981" errors="0" timestamp="2023-07-31T10:28:49 IST" skipped="0">
  <testcase classname="api.request.DoGetRequest" name="doGetRequest" time="60.981"/>
</testsuite> <!-- api.request.DoGetRequest -->
