<?xml version="1.0" encoding="UTF-8"?>
<!-- Generated by org.testng.reporters.JUnitReportReporter -->
<testsuite hostname="Sumits-MacBook-Pro.local" failures="0" tests="1" name="api.request.DoGetRequest" time="4.312" errors="0" timestamp="2023-08-01T00:04:02 IST" skipped="0">
  <testcase classname="api.request.DoGetRequest" name="doGetRequest" time="4.312"/>
</testsuite> <!-- api.request.DoGetRequest -->
