<?xml version="1.0" encoding="UTF-8"?>
<!-- Generated by org.testng.reporters.JUnitReportReporter -->
<testsuite hostname="Sumits-MacBook-Pro.local" failures="0" tests="1" name="api.request.DoPostRequest" time="3.970" errors="0" timestamp="2023-08-04T15:45:48 IST" skipped="0">
  <testcase classname="api.request.DoPostRequest" name="doGetRequest" time="3.970"/>
</testsuite> <!-- api.request.DoPostRequest -->
