<?xml version="1.0" encoding="UTF-8"?>
<!-- Generated by org.testng.reporters.JUnitReportReporter -->
<testsuite hostname="Sumits-MacBook-Pro.local" failures="0" tests="9" name="UI.step.TestNgGrouping" time="0.044" errors="0" timestamp="2023-08-09T13:30:28 IST" skipped="1">
  <testcase classname="UI.step.TestNgGrouping" name="teatSmoke" time="0.007"/>
  <testcase classname="UI.step.TestNgGrouping" name="teatSanity" time="0.003"/>
  <testcase classname="UI.step.TestNgGrouping" name="teatRegression" time="0.003"/>
  <testcase classname="UI.step.TestNgGrouping" name="dependsGroupTest" time="0.003"/>
  <testcase classname="UI.step.TestNgGrouping" name="teatDependsOnGroup" time="0.005"/>
  <testcase classname="UI.step.TestNgGrouping" name="teatDependsOnMethod" time="0.005"/>
  <testcase classname="UI.step.TestNgGrouping" name="teatInclude" time="0.004"/>
  <testcase classname="UI.step.TestNgGrouping" name="dependentMethodTest" time="0.014"/>
  <testcase classname="UI.step.TestNgGrouping" name="teatDisabled">
    <skipped/>
  </testcase> <!-- teatDisabled -->
</testsuite> <!-- UI.step.TestNgGrouping -->
